0 info it worked if it ends with ok
1 verbose cli [ '/usr/bin/nodejs', '/usr/bin/npm', 'publish' ]
2 info using npm@1.3.10
3 info using node@v0.10.25
4 verbose publish [ '.' ]
5 verbose cache add [ '.', null ]
6 verbose cache add name=undefined spec="." args=[".",null]
7 verbose parsed url { protocol: null,
7 verbose parsed url   slashes: null,
7 verbose parsed url   auth: null,
7 verbose parsed url   host: null,
7 verbose parsed url   port: null,
7 verbose parsed url   hostname: null,
7 verbose parsed url   hash: null,
7 verbose parsed url   search: null,
7 verbose parsed url   query: null,
7 verbose parsed url   pathname: '.',
7 verbose parsed url   path: '.',
7 verbose parsed url   href: '.' }
8 silly lockFile 3a52ce78- .
9 verbose lock . /home/joesonw/.npm/3a52ce78-.lock
10 verbose tar pack [ '/home/joesonw/tmp/npm-17828-7PhC-MX7/1416100767321-0.08807543595321476/tmp.tgz',
10 verbose tar pack   '.' ]
11 verbose tarball /home/joesonw/tmp/npm-17828-7PhC-MX7/1416100767321-0.08807543595321476/tmp.tgz
12 verbose folder .
13 silly lockFile 1f1177db-tar tar://.
14 verbose lock tar://. /home/joesonw/.npm/1f1177db-tar.lock
15 silly lockFile 0d492652-7321-0-08807543595321476-tmp-tgz tar:///home/joesonw/tmp/npm-17828-7PhC-MX7/1416100767321-0.08807543595321476/tmp.tgz
16 verbose lock tar:///home/joesonw/tmp/npm-17828-7PhC-MX7/1416100767321-0.08807543595321476/tmp.tgz /home/joesonw/.npm/0d492652-7321-0-08807543595321476-tmp-tgz.lock
17 silly lockFile 1f1177db-tar tar://.
18 silly lockFile 1f1177db-tar tar://.
19 silly lockFile 0d492652-7321-0-08807543595321476-tmp-tgz tar:///home/joesonw/tmp/npm-17828-7PhC-MX7/1416100767321-0.08807543595321476/tmp.tgz
20 silly lockFile 0d492652-7321-0-08807543595321476-tmp-tgz tar:///home/joesonw/tmp/npm-17828-7PhC-MX7/1416100767321-0.08807543595321476/tmp.tgz
21 verbose tar unpack /home/joesonw/tmp/npm-17828-7PhC-MX7/1416100767321-0.08807543595321476/tmp.tgz
22 silly lockFile 524f3be2-7321-0-08807543595321476-package tar:///home/joesonw/tmp/npm-17828-7PhC-MX7/1416100767321-0.08807543595321476/package
23 verbose lock tar:///home/joesonw/tmp/npm-17828-7PhC-MX7/1416100767321-0.08807543595321476/package /home/joesonw/.npm/524f3be2-7321-0-08807543595321476-package.lock
24 silly lockFile 0d492652-7321-0-08807543595321476-tmp-tgz tar:///home/joesonw/tmp/npm-17828-7PhC-MX7/1416100767321-0.08807543595321476/tmp.tgz
25 verbose lock tar:///home/joesonw/tmp/npm-17828-7PhC-MX7/1416100767321-0.08807543595321476/tmp.tgz /home/joesonw/.npm/0d492652-7321-0-08807543595321476-tmp-tgz.lock
26 silly gunzTarPerm modes [ '755', '644' ]
27 silly gunzTarPerm extractEntry package.json
28 silly gunzTarPerm extractEntry README.md
29 silly gunzTarPerm extractEntry Class.js
30 silly gunzTarPerm extractEntry index.js
31 silly gunzTarPerm extractEntry test/test.js
32 silly gunzTarPerm extractEntry test/tests/serialize.0.js
33 silly gunzTarPerm extractEntry test/tests/unserialize.0.json
34 silly lockFile 524f3be2-7321-0-08807543595321476-package tar:///home/joesonw/tmp/npm-17828-7PhC-MX7/1416100767321-0.08807543595321476/package
35 silly lockFile 524f3be2-7321-0-08807543595321476-package tar:///home/joesonw/tmp/npm-17828-7PhC-MX7/1416100767321-0.08807543595321476/package
36 silly lockFile 0d492652-7321-0-08807543595321476-tmp-tgz tar:///home/joesonw/tmp/npm-17828-7PhC-MX7/1416100767321-0.08807543595321476/tmp.tgz
37 silly lockFile 0d492652-7321-0-08807543595321476-tmp-tgz tar:///home/joesonw/tmp/npm-17828-7PhC-MX7/1416100767321-0.08807543595321476/tmp.tgz
38 verbose tar pack [ '/home/joesonw/.npm/php-serialization/0.0.0/package.tgz',
38 verbose tar pack   '/home/joesonw/tmp/npm-17828-7PhC-MX7/1416100767321-0.08807543595321476/package' ]
39 verbose tarball /home/joesonw/.npm/php-serialization/0.0.0/package.tgz
40 verbose folder /home/joesonw/tmp/npm-17828-7PhC-MX7/1416100767321-0.08807543595321476/package
41 silly lockFile 524f3be2-7321-0-08807543595321476-package tar:///home/joesonw/tmp/npm-17828-7PhC-MX7/1416100767321-0.08807543595321476/package
42 verbose lock tar:///home/joesonw/tmp/npm-17828-7PhC-MX7/1416100767321-0.08807543595321476/package /home/joesonw/.npm/524f3be2-7321-0-08807543595321476-package.lock
43 silly lockFile 91b06f43--serialization-0-0-0-package-tgz tar:///home/joesonw/.npm/php-serialization/0.0.0/package.tgz
44 verbose lock tar:///home/joesonw/.npm/php-serialization/0.0.0/package.tgz /home/joesonw/.npm/91b06f43--serialization-0-0-0-package-tgz.lock
45 silly lockFile 524f3be2-7321-0-08807543595321476-package tar:///home/joesonw/tmp/npm-17828-7PhC-MX7/1416100767321-0.08807543595321476/package
46 silly lockFile 524f3be2-7321-0-08807543595321476-package tar:///home/joesonw/tmp/npm-17828-7PhC-MX7/1416100767321-0.08807543595321476/package
47 silly lockFile 91b06f43--serialization-0-0-0-package-tgz tar:///home/joesonw/.npm/php-serialization/0.0.0/package.tgz
48 silly lockFile 91b06f43--serialization-0-0-0-package-tgz tar:///home/joesonw/.npm/php-serialization/0.0.0/package.tgz
49 silly lockFile e373c63d--php-serialization-0-0-0-package /home/joesonw/.npm/php-serialization/0.0.0/package
50 verbose lock /home/joesonw/.npm/php-serialization/0.0.0/package /home/joesonw/.npm/e373c63d--php-serialization-0-0-0-package.lock
51 silly lockFile e373c63d--php-serialization-0-0-0-package /home/joesonw/.npm/php-serialization/0.0.0/package
52 silly lockFile e373c63d--php-serialization-0-0-0-package /home/joesonw/.npm/php-serialization/0.0.0/package
53 verbose tar unpack /home/joesonw/.npm/php-serialization/0.0.0/package.tgz
54 silly lockFile d20ba2b8--php-serialization-0-0-0-package tar:///home/joesonw/.npm/php-serialization/0.0.0/package
55 verbose lock tar:///home/joesonw/.npm/php-serialization/0.0.0/package /home/joesonw/.npm/d20ba2b8--php-serialization-0-0-0-package.lock
56 silly lockFile 91b06f43--serialization-0-0-0-package-tgz tar:///home/joesonw/.npm/php-serialization/0.0.0/package.tgz
57 verbose lock tar:///home/joesonw/.npm/php-serialization/0.0.0/package.tgz /home/joesonw/.npm/91b06f43--serialization-0-0-0-package-tgz.lock
58 silly gunzTarPerm modes [ '755', '644' ]
59 silly gunzTarPerm extractEntry package.json
60 silly gunzTarPerm extractEntry README.md
61 silly gunzTarPerm extractEntry Class.js
62 silly gunzTarPerm extractEntry index.js
63 silly gunzTarPerm extractEntry test/test.js
64 silly gunzTarPerm extractEntry test/tests/serialize.0.js
65 silly gunzTarPerm extractEntry test/tests/unserialize.0.json
66 silly lockFile d20ba2b8--php-serialization-0-0-0-package tar:///home/joesonw/.npm/php-serialization/0.0.0/package
67 silly lockFile d20ba2b8--php-serialization-0-0-0-package tar:///home/joesonw/.npm/php-serialization/0.0.0/package
68 silly lockFile 91b06f43--serialization-0-0-0-package-tgz tar:///home/joesonw/.npm/php-serialization/0.0.0/package.tgz
69 silly lockFile 91b06f43--serialization-0-0-0-package-tgz tar:///home/joesonw/.npm/php-serialization/0.0.0/package.tgz
70 verbose chmod /home/joesonw/.npm/php-serialization/0.0.0/package.tgz 644
71 verbose chown /home/joesonw/.npm/php-serialization/0.0.0/package.tgz [ 1001, 33 ]
72 silly lockFile 3a52ce78- .
73 silly lockFile 3a52ce78- .
74 silly publish { name: 'php-serialization',
74 silly publish   version: '0.0.0',
74 silly publish   description: 'A library used to serialize and unserialize like it was in php (especially useful for manipulating php sessions stored with redis server)',
74 silly publish   main: 'index.js',
74 silly publish   scripts: { test: 'echo "Error: no test specified" && exit 1' },
74 silly publish   repository:
74 silly publish    { type: 'git',
74 silly publish      url: 'git://github.com/joesonw/node-php-serialization' },
74 silly publish   keywords: [ 'php', 'serialization' ],
74 silly publish   dependencies:
74 silly publish    { bigdecimal: '~0.6.1',
74 silly publish      util: '~0.10.3',
74 silly publish      mocha: '~1.7.0',
74 silly publish      chai: '~1.3.0' },
74 silly publish   author: { name: 'Qiaosen Huang' },
74 silly publish   license: 'BSD-2-Clause',
74 silly publish   bugs: { url: 'https://github.com/joesonw/node-php-serialization/issues' },
74 silly publish   readme: '\n',
74 silly publish   readmeFilename: 'README.md',
74 silly publish   _id: 'php-serialization@0.0.0',
74 silly publish   dist: { shasum: '9f210a932f7bffc9d73298c9d8bde6ed81d7260d' },
74 silly publish   _from: '.' }
75 verbose url raw php-serialization
76 verbose url resolving [ 'https://registry.npmjs.org/', './php-serialization' ]
77 verbose url resolved https://registry.npmjs.org/php-serialization
78 info trying registry request attempt 1 at 20:19:27
79 http PUT https://registry.npmjs.org/php-serialization
80 http 201 https://registry.npmjs.org/php-serialization
81 verbose url raw php-serialization
82 verbose url resolving [ 'https://registry.npmjs.org/', './php-serialization' ]
83 verbose url resolved https://registry.npmjs.org/php-serialization
84 info trying registry request attempt 1 at 20:19:27
85 http GET https://registry.npmjs.org/php-serialization
86 http 200 https://registry.npmjs.org/php-serialization
87 error publish fail Cannot publish over existing version.
87 error publish fail Update the 'version' field in package.json and try again.
87 error publish fail
87 error publish fail If the previous version was published in error, see:
87 error publish fail     npm help unpublish
87 error publish fail
87 error publish fail To automatically increment version numbers, see:
87 error publish fail     npm help version
88 error System Linux 3.13.0-24-generic
89 error command "/usr/bin/nodejs" "/usr/bin/npm" "publish"
90 error cwd /home/joesonw/php-serialization
91 error node -v v0.10.25
92 error npm -v 1.3.10
93 error code EPUBLISHCONFLICT
94 verbose exit [ 1, true ]
